2025-03-25 15:28:29,902 - WARNING - Giri baar覺s覺z: 2879 ID'li kullan覺c覺 bulunamad覺.
2025-03-25 15:29:32,321 - INFO - Kullan覺c覺 gizem temur (3535) baar覺yla kaydedildi.
2025-03-25 15:30:21,493 - INFO - Kullan覺c覺 3535 baar覺l覺 giri yapt覺.
2025-03-25 15:31:28,562 - WARNING - Kullan覺c覺 3535 i癟in ifre dorulamas覺 baar覺s覺z oldu.
2025-03-25 15:31:33,466 - INFO - Kullan覺c覺 3535 baar覺l覺 giri yapt覺.
2025-03-25 15:31:48,359 - INFO - 襤lem 1: para_yukle 1000.0 TL baar覺yla ger癟ekletirildi.
2025-03-25 15:32:08,170 - INFO - 襤lem 2: harcama 500.0 TL baar覺yla ger癟ekletirildi.
2025-03-25 15:32:25,988 - INFO - 襤lem 3: para_cek 100.0 TL baar覺yla ger癟ekletirildi.
2025-03-25 15:33:13,397 - INFO - 襤lem 4: para_yukle 10000.0 TL baar覺yla ger癟ekletirildi.
2025-03-25 15:33:52,776 - INFO - 襤lem 5: harcama 2000.0 TL baar覺yla ger癟ekletirildi.
2025-03-25 15:38:16,424 - INFO - Kullan覺c覺 3535 baar覺l覺 giri yapt覺.
2025-03-25 15:38:48,461 - INFO - 襤lem 6: harcama 800.0 TL baar覺yla ger癟ekletirildi.
2025-03-25 15:57:15,263 - INFO - Kullan覺c覺 tayfun temur (2879) baar覺yla kaydedildi.
2025-03-25 15:57:33,488 - INFO - Kullan覺c覺 2879 baar覺l覺 giri yapt覺.
2025-03-25 15:57:47,545 - INFO - 襤lem 7: para_yukle 1000.0 TL baar覺yla ger癟ekletirildi.
2025-03-25 16:46:30,175 - INFO - Kullan覺c覺 2879 baar覺l覺 giri yapt覺.
2025-03-25 16:55:56,005 - INFO - Kullan覺c覺 2879 baar覺l覺 giri yapt覺.
2025-03-25 17:02:12,245 - INFO - Kullan覺c覺 2879 baar覺l覺 giri yapt覺.
2025-03-25 17:05:10,982 - INFO - Kullan覺c覺 2879 baar覺l覺 giri yapt覺.
2025-03-25 17:07:22,017 - INFO - Kullan覺c覺 2879 baar覺l覺 giri yapt覺.
2025-03-25 17:08:24,876 - INFO - Kullan覺c覺 2879 baar覺l覺 giri yapt覺.
2025-03-25 17:08:41,651 - INFO - 襤lem 8: para_yukle 1000.0 TL baar覺yla ger癟ekletirildi.
2025-03-25 17:15:30,501 - INFO - Kullan覺c覺 2879 baar覺l覺 giri yapt覺.
2025-03-25 17:17:22,345 - INFO - Kullan覺c覺 2879 baar覺l覺 giri yapt覺.
2025-03-25 17:20:14,380 - INFO - Kullan覺c覺 2879 baar覺l覺 giri yapt覺.
2025-03-25 17:26:41,275 - INFO - Kullan覺c覺 2879 baar覺l覺 giri yapt覺.
2025-03-25 17:27:12,535 - INFO - 襤lem 9: harcama 1000.0 TL baar覺yla ger癟ekletirildi.
2025-03-25 17:27:47,306 - INFO - Kullan覺c覺 3535 baar覺l覺 giri yapt覺.
2025-03-26 14:55:19,426 - INFO - Kullan覺c覺 2879 baar覺l覺 giri yapt覺.
2025-03-26 14:55:43,826 - INFO - 襤lem 10: para_yukle 2000.0 TL baar覺yla ger癟ekletirildi.
2025-03-26 16:09:18,423 - INFO - Kullan覺c覺 2879 baar覺l覺 giri yapt覺.
2025-03-26 16:17:33,616 - INFO - Kullan覺c覺 2879 baar覺l覺 giri yapt覺.
2025-03-26 16:17:46,156 - INFO - 襤lem 11: para_cek 500.0 TL baariyla ger癟ekletirildi.
2025-03-26 16:19:00,468 - INFO - Kullan覺c覺 2879 baar覺l覺 giri yapt覺.
2025-03-26 16:19:54,607 - INFO - 襤lem 12: harcama 200.0 TL baariyla ger癟ekletirildi.
2025-03-26 16:56:17,900 - INFO - Kullan覺c覺 2879 baar覺l覺 giri yapt覺.
2025-03-26 17:04:39,328 - INFO - Kullan覺c覺 2879 baar覺l覺 giri yapt覺.
2025-03-26 17:19:54,126 - INFO - Kullan覺c覺 2879 baar覺l覺 giri yapt覺.
2025-03-26 17:21:06,193 - INFO - Kullan覺c覺 2879 baar覺l覺 giri yapt覺.
2025-03-26 17:22:11,949 - INFO - 襤lem 13: harcama 2000.0 TL baariyla ger癟ekletirildi.
2025-03-26 17:28:18,742 - INFO - Kullan覺c覺 2879 baar覺l覺 giri yapt覺.
2025-03-26 17:31:42,117 - INFO - Kullan覺c覺 2879 baar覺l覺 giri yapt覺.
2025-03-26 17:35:12,653 - INFO - Kullan覺c覺 2879 baar覺l覺 giri yapt覺.
2025-03-26 17:35:38,442 - INFO - Kullan覺c覺 3535 baar覺l覺 giri yapt覺.
2025-03-26 17:37:32,917 - INFO - Kullan覺c覺 2879 baar覺l覺 giri yapt覺.
2025-03-26 17:45:18,442 - INFO - 襤lem 14: harcama 300.0 TL baariyla ger癟ekletirildi.
2025-03-26 17:46:04,301 - ERROR - 襤lem hatasi: Yetersiz bakiye.
2025-03-26 17:53:43,501 - INFO - Kullan覺c覺 2879 baar覺l覺 giri yapt覺.
2025-03-26 17:54:14,785 - INFO - 襤lem 16: harcama 350.0 TL baariyla ger癟ekletirildi.
2025-03-26 18:05:52,568 - INFO - 襤lem 17: harcama 1200.0 TL baariyla ger癟ekletirildi.
2025-03-26 18:06:46,140 - ERROR - 襤lem hatasi: Yetersiz bakiye.
2025-03-26 18:19:59,437 - ERROR - 襤lem s覺ras覺nda hata: get_next_transaction_id() takes 0 positional arguments but 1 was given
2025-03-26 18:20:41,625 - ERROR - 襤lem s覺ras覺nda hata: get_next_transaction_id() takes 0 positional arguments but 1 was given
2025-03-26 18:30:03,729 - ERROR - 襤lem s覺ras覺nda hata: update_balance() got multiple values for argument 'is_deposit'
2025-03-26 18:31:13,597 - INFO - 襤lem 19: para_yukle 1000.0 TL baariyla ger癟ekletirildi.
2025-03-27 14:50:10,741 - INFO - Kullan覺c覺 2879 baar覺l覺 giri yapt覺.
2025-03-27 14:50:40,296 - ERROR - 襤lem hatasi: Yetersiz bakiye.
2025-03-27 15:01:09,135 - WARNING - Kullan覺c覺 2879 i癟in ifre dorulamas覺 baar覺s覺z oldu.
2025-03-27 15:01:14,593 - INFO - Kullan覺c覺 2879 baar覺l覺 giri yapt覺.
2025-03-27 15:02:10,776 - ERROR - 襤lem hatasi: Insufficient balance. Current balance: 1000.0, Transaction amount: 1300.0
2025-03-27 15:02:46,036 - INFO - 襤lem 21: harcama 200.0 TL baariyla ger癟ekletirildi.
2025-03-27 15:29:14,673 - INFO - 襤lem 22: harcama 250.0 TL baariyla ger癟ekletirildi.
2025-03-27 15:29:14,673 - INFO - 襤lem 22: harcama 250.0 TL baariyla ger癟ekletirildi.
2025-07-22 17:03:54,290 - INFO - Kullan\u0131c\u0131 tayfun temur (1234) ba\u015far\u0131yla kaydedildi.
2025-07-22 17:04:13,381 - INFO - Kullan\u0131c\u0131 1234 ba\u015far\u0131l\u0131 giri\u015f yapt\u0131.
2025-07-22 17:04:30,668 - ERROR - \u0130\u015flem hatasi: Insufficient balance. Current balance: 0.0, Transaction amount: 10000.0
2025-07-22 17:04:48,131 - ERROR - \u0130\u015flem hatasi: Insufficient balance. Current balance: 0.0, Transaction amount: 10000.0
2025-07-22 17:05:04,118 - ERROR - \u0130\u015flem hatasi: Insufficient balance. Current balance: 0.0, Transaction amount: 1000.0
2025-07-22 17:05:41,882 - ERROR - \u0130\u015flem hatasi: Insufficient balance. Current balance: 0.0, Transaction amount: 1000.0
2025-07-22 17:06:42,416 - ERROR - \u0130\u015flem hatasi: Insufficient balance. Current balance: 0.0, Transaction amount: 1000.0
2025-07-22 17:11:23,190 - INFO - Kullan\u0131c\u0131 1234 ba\u015far\u0131l\u0131 giri\u015f yapt\u0131.
2025-07-22 17:11:30,469 - INFO - \u0130\u015flem 23: para_yukle 1000.0 TL ba\u015fariyla ger蔒kle\u015ftirildi.
2025-07-22 17:11:41,645 - INFO - \u0130\u015flem 24: para_yukle 10000.0 TL ba\u015fariyla ger蔒kle\u015ftirildi.
2025-07-22 17:11:54,113 - INFO - \u0130\u015flem 25: para_cek 500.0 TL ba\u015fariyla ger蔒kle\u015ftirildi.
2025-07-22 17:12:16,089 - INFO - \u0130\u015flem 26: harcama 0.01 TL ba\u015fariyla ger蔒kle\u015ftirildi.
